{"/Users/rodrigoariza/Consensys/Frontier/trlApi/src/services/dbService.ts": {"path":"/Users/rodrigoariza/Consensys/Frontier/trlApi/src/services/dbService.ts","statementMap":{"0":{"start":{"line":1,"column":0},"end":{"line":1,"column":37}},"1":{"start":{"line":2,"column":17},"end":{"line":2,"column":36}},"2":{"start":{"line":3,"column":0},"end":{"line":3,"column":33}},"3":{"start":{"line":5,"column":18},"end":{"line":34,"column":1}},"4":{"start":{"line":7,"column":4},"end":{"line":15,"column":5}},"5":{"start":{"line":8,"column":25},"end":{"line":8,"column":59}},"6":{"start":{"line":9,"column":26},"end":{"line":9,"column":92}},"7":{"start":{"line":10,"column":22},"end":{"line":10,"column":47}},"8":{"start":{"line":11,"column":6},"end":{"line":11,"column":16}},"9":{"start":{"line":13,"column":6},"end":{"line":13,"column":27}},"10":{"start":{"line":14,"column":6},"end":{"line":14,"column":19}},"11":{"start":{"line":19,"column":4},"end":{"line":32,"column":5}},"12":{"start":{"line":20,"column":40},"end":{"line":20,"column":67}},"13":{"start":{"line":21,"column":36},"end":{"line":21,"column":59}},"14":{"start":{"line":22,"column":35},"end":{"line":22,"column":57}},"15":{"start":{"line":24,"column":6},"end":{"line":28,"column":8}},"16":{"start":{"line":30,"column":6},"end":{"line":30,"column":27}},"17":{"start":{"line":31,"column":6},"end":{"line":31,"column":19}},"18":{"start":{"line":36,"column":0},"end":{"line":36,"column":25}}},"fnMap":{"0":{"name":"(anonymous_6)","decl":{"start":{"line":6,"column":8},"end":{"line":6,"column":19}},"loc":{"start":{"line":6,"column":20},"end":{"line":16,"column":3}}},"1":{"name":"(anonymous_8)","decl":{"start":{"line":18,"column":8},"end":{"line":18,"column":24}},"loc":{"start":{"line":18,"column":33},"end":{"line":33,"column":3}}}},"branchMap":{},"s":{"0":1,"1":1,"2":1,"3":1,"4":2,"5":2,"6":2,"7":2,"8":2,"9":0,"10":0,"11":2,"12":2,"13":2,"14":2,"15":2,"16":0,"17":0,"18":1},"f":{"0":2,"1":2},"b":{}}
,"/Users/rodrigoariza/Consensys/Frontier/trlApi/src/services/frontier.ts": {"path":"/Users/rodrigoariza/Consensys/Frontier/trlApi/src/services/frontier.ts","statementMap":{"0":{"start":{"line":1,"column":18},"end":{"line":1,"column":33}},"1":{"start":{"line":2,"column":17},"end":{"line":2,"column":86}},"2":{"start":{"line":3,"column":0},"end":{"line":3,"column":33}},"3":{"start":{"line":5,"column":13},"end":{"line":5,"column":38}},"4":{"start":{"line":6,"column":17},"end":{"line":6,"column":61}},"5":{"start":{"line":8,"column":27},"end":{"line":8,"column":65}},"6":{"start":{"line":15,"column":2},"end":{"line":15,"column":15}},"7":{"start":{"line":9,"column":37},"end":{"line":9,"column":95}},"8":{"start":{"line":14,"column":2},"end":{"line":14,"column":25}},"9":{"start":{"line":10,"column":40},"end":{"line":10,"column":104}},"10":{"start":{"line":17,"column":2},"end":{"line":17,"column":28}},"11":{"start":{"line":11,"column":36},"end":{"line":11,"column":96}},"12":{"start":{"line":16,"column":2},"end":{"line":16,"column":24}},"13":{"start":{"line":20,"column":0},"end":{"line":20,"column":24}}},"fnMap":{},"branchMap":{},"s":{"0":1,"1":1,"2":1,"3":1,"4":1,"5":1,"6":1,"7":1,"8":1,"9":1,"10":1,"11":1,"12":1,"13":1},"f":{},"b":{}}
,"/Users/rodrigoariza/Consensys/Frontier/trlApi/src/services/schema.ts": {"path":"/Users/rodrigoariza/Consensys/Frontier/trlApi/src/services/schema.ts","statementMap":{"0":{"start":{"line":1,"column":0},"end":{"line":1,"column":64}},"1":{"start":{"line":2,"column":0},"end":{"line":2,"column":42}},"2":{"start":{"line":3,"column":0},"end":{"line":3,"column":64}},"3":{"start":{"line":4,"column":0},"end":{"line":4,"column":48}},"4":{"start":{"line":5,"column":0},"end":{"line":5,"column":58}},"5":{"start":{"line":6,"column":0},"end":{"line":6,"column":50}},"6":{"start":{"line":7,"column":0},"end":{"line":7,"column":70}},"7":{"start":{"line":8,"column":0},"end":{"line":8,"column":27}},"8":{"start":{"line":10,"column":21},"end":{"line":25,"column":1}},"9":{"start":{"line":10,"column":48},"end":{"line":25,"column":1}},"10":{"start":{"line":11,"column":41},"end":{"line":11,"column":97}},"11":{"start":{"line":12,"column":24},"end":{"line":12,"column":75}},"12":{"start":{"line":13,"column":29},"end":{"line":13,"column":90}},"13":{"start":{"line":14,"column":25},"end":{"line":14,"column":78}},"14":{"start":{"line":16,"column":20},"end":{"line":22,"column":18}},"15":{"start":{"line":24,"column":2},"end":{"line":24,"column":55}},"16":{"start":{"line":27,"column":0},"end":{"line":27,"column":28}}},"fnMap":{"0":{"name":"(anonymous_6)","decl":{"start":{"line":10,"column":21},"end":{"line":10,"column":28}},"loc":{"start":{"line":10,"column":48},"end":{"line":25,"column":1}}},"1":{"name":"(anonymous_7)","decl":{"start":{"line":10,"column":48},"end":{"line":null,"column":-1}},"loc":{"start":{"line":10,"column":48},"end":{"line":25,"column":1}}}},"branchMap":{},"s":{"0":1,"1":1,"2":1,"3":1,"4":1,"5":1,"6":1,"7":1,"8":1,"9":1,"10":1,"11":1,"12":1,"13":1,"14":1,"15":1,"16":1},"f":{"0":1,"1":1},"b":{}}
,"/Users/rodrigoariza/Consensys/Frontier/trlApi/src/services/resolvers/candidates.ts": {"path":"/Users/rodrigoariza/Consensys/Frontier/trlApi/src/services/resolvers/candidates.ts","statementMap":{"0":{"start":{"line":3,"column":10},"end":{"line":3,"column":27}},"1":{"start":{"line":5,"column":16},"end":{"line":17,"column":1}},"2":{"start":{"line":5,"column":72},"end":{"line":17,"column":1}},"3":{"start":{"line":6,"column":23},"end":{"line":6,"column":62}},"4":{"start":{"line":7,"column":17},"end":{"line":7,"column":48}},"5":{"start":{"line":8,"column":17},"end":{"line":11,"column":3}},"6":{"start":{"line":13,"column":2},"end":{"line":15,"column":3}},"7":{"start":{"line":14,"column":4},"end":{"line":14,"column":71}},"8":{"start":{"line":16,"column":2},"end":{"line":16,"column":48}},"9":{"start":{"line":28,"column":20},"end":{"line":122,"column":1}},"10":{"start":{"line":28,"column":56},"end":{"line":122,"column":1}},"11":{"start":{"line":29,"column":47},"end":{"line":88,"column":3}},"12":{"start":{"line":32,"column":6},"end":{"line":88,"column":3}},"13":{"start":{"line":33,"column":25},"end":{"line":33,"column":64}},"14":{"start":{"line":35,"column":21},"end":{"line":85,"column":16}},"15":{"start":{"line":87,"column":4},"end":{"line":87,"column":62}},"16":{"start":{"line":87,"column":38},"end":{"line":87,"column":60}},"17":{"start":{"line":90,"column":32},"end":{"line":120,"column":3}},"18":{"start":{"line":92,"column":45},"end":{"line":95,"column":7}},"19":{"start":{"line":93,"column":8},"end":{"line":93,"column":66}},"20":{"start":{"line":93,"column":36},"end":{"line":93,"column":66}},"21":{"start":{"line":94,"column":8},"end":{"line":94,"column":74}},"22":{"start":{"line":96,"column":47},"end":{"line":99,"column":7}},"23":{"start":{"line":97,"column":8},"end":{"line":97,"column":83}},"24":{"start":{"line":97,"column":51},"end":{"line":97,"column":83}},"25":{"start":{"line":98,"column":8},"end":{"line":98,"column":74}},"26":{"start":{"line":100,"column":41},"end":{"line":103,"column":7}},"27":{"start":{"line":101,"column":8},"end":{"line":101,"column":71}},"28":{"start":{"line":101,"column":45},"end":{"line":101,"column":71}},"29":{"start":{"line":102,"column":8},"end":{"line":102,"column":68}},"30":{"start":{"line":111,"column":8},"end":{"line":116,"column":10}},"31":{"start":{"line":121,"column":2},"end":{"line":121,"column":19}},"32":{"start":{"line":124,"column":0},"end":{"line":124,"column":27}}},"fnMap":{"0":{"name":"(anonymous_6)","decl":{"start":{"line":5,"column":16},"end":{"line":5,"column":23}},"loc":{"start":{"line":5,"column":72},"end":{"line":17,"column":1}}},"1":{"name":"(anonymous_7)","decl":{"start":{"line":5,"column":72},"end":{"line":null,"column":-1}},"loc":{"start":{"line":5,"column":72},"end":{"line":17,"column":1}}},"2":{"name":"(anonymous_8)","decl":{"start":{"line":28,"column":20},"end":{"line":28,"column":27}},"loc":{"start":{"line":28,"column":56},"end":{"line":122,"column":1}}},"3":{"name":"(anonymous_9)","decl":{"start":{"line":28,"column":56},"end":{"line":null,"column":-1}},"loc":{"start":{"line":28,"column":56},"end":{"line":122,"column":1}}},"4":{"name":"(anonymous_10)","decl":{"start":{"line":29,"column":47},"end":{"line":30,"column":4}},"loc":{"start":{"line":32,"column":6},"end":{"line":88,"column":3}}},"5":{"name":"(anonymous_11)","decl":{"start":{"line":32,"column":6},"end":{"line":null,"column":-1}},"loc":{"start":{"line":32,"column":6},"end":{"line":88,"column":3}}},"6":{"name":"(anonymous_12)","decl":{"start":{"line":87,"column":24},"end":{"line":87,"column":25}},"loc":{"start":{"line":87,"column":38},"end":{"line":87,"column":60}}},"7":{"name":"(anonymous_13)","decl":{"start":{"line":92,"column":25},"end":{"line":92,"column":32}},"loc":{"start":{"line":92,"column":45},"end":{"line":95,"column":7}}},"8":{"name":"(anonymous_14)","decl":{"start":{"line":92,"column":45},"end":{"line":null,"column":-1}},"loc":{"start":{"line":92,"column":45},"end":{"line":95,"column":7}}},"9":{"name":"(anonymous_15)","decl":{"start":{"line":96,"column":27},"end":{"line":96,"column":34}},"loc":{"start":{"line":96,"column":47},"end":{"line":99,"column":7}}},"10":{"name":"(anonymous_16)","decl":{"start":{"line":96,"column":47},"end":{"line":null,"column":-1}},"loc":{"start":{"line":96,"column":47},"end":{"line":99,"column":7}}},"11":{"name":"(anonymous_17)","decl":{"start":{"line":100,"column":21},"end":{"line":100,"column":28}},"loc":{"start":{"line":100,"column":41},"end":{"line":103,"column":7}}},"12":{"name":"(anonymous_18)","decl":{"start":{"line":100,"column":41},"end":{"line":null,"column":-1}},"loc":{"start":{"line":100,"column":41},"end":{"line":103,"column":7}}},"13":{"name":"(anonymous_19)","decl":{"start":{"line":107,"column":6},"end":{"line":107,"column":14}},"loc":{"start":{"line":109,"column":73},"end":{"line":117,"column":7}}}},"branchMap":{"0":{"loc":{"start":{"line":13,"column":2},"end":{"line":15,"column":3}},"type":"if","locations":[{"start":{"line":13,"column":2},"end":{"line":15,"column":3}},{"start":{"line":13,"column":2},"end":{"line":15,"column":3}}]},"1":{"loc":{"start":{"line":37,"column":49},"end":{"line":37,"column":125}},"type":"cond-expr","locations":[{"start":{"line":37,"column":49},"end":{"line":37,"column":125}},{"start":{"line":37,"column":128},"end":{"line":37,"column":130}}]},"2":{"loc":{"start":{"line":93,"column":8},"end":{"line":93,"column":66}},"type":"if","locations":[{"start":{"line":93,"column":8},"end":{"line":93,"column":66}},{"start":{"line":93,"column":8},"end":{"line":93,"column":66}}]},"3":{"loc":{"start":{"line":97,"column":8},"end":{"line":97,"column":83}},"type":"if","locations":[{"start":{"line":97,"column":8},"end":{"line":97,"column":83}},{"start":{"line":97,"column":8},"end":{"line":97,"column":83}}]},"4":{"loc":{"start":{"line":101,"column":8},"end":{"line":101,"column":71}},"type":"if","locations":[{"start":{"line":101,"column":8},"end":{"line":101,"column":71}},{"start":{"line":101,"column":8},"end":{"line":101,"column":71}}]}},"s":{"0":1,"1":1,"2":0,"3":0,"4":0,"5":0,"6":0,"7":0,"8":0,"9":1,"10":1,"11":1,"12":1,"13":1,"14":1,"15":1,"16":1,"17":1,"18":1,"19":1,"20":1,"21":0,"22":1,"23":1,"24":1,"25":0,"26":1,"27":1,"28":1,"29":0,"30":0,"31":1,"32":1},"f":{"0":0,"1":0,"2":1,"3":1,"4":1,"5":1,"6":1,"7":1,"8":1,"9":1,"10":1,"11":1,"12":1,"13":0},"b":{"0":[0,0],"1":[0,1],"2":[1,0],"3":[1,0],"4":[1,0]}}
,"/Users/rodrigoariza/Consensys/Frontier/trlApi/src/services/resolvers/graphqlAgainstWeb3.ts": {"path":"/Users/rodrigoariza/Consensys/Frontier/trlApi/src/services/resolvers/graphqlAgainstWeb3.ts","statementMap":{"0":{"start":{"line":2,"column":10},"end":{"line":2,"column":27}},"1":{"start":{"line":3,"column":0},"end":{"line":3,"column":35}},"2":{"start":{"line":11,"column":49},"end":{"line":18,"column":3}},"3":{"start":{"line":14,"column":6},"end":{"line":18,"column":3}},"4":{"start":{"line":15,"column":25},"end":{"line":15,"column":117}},"5":{"start":{"line":16,"column":4},"end":{"line":16,"column":24}},"6":{"start":{"line":20,"column":30},"end":{"line":29,"column":1}},"7":{"start":{"line":22,"column":43},"end":{"line":24,"column":7}},"8":{"start":{"line":23,"column":8},"end":{"line":23,"column":46}},"9":{"start":{"line":23,"column":26},"end":{"line":23,"column":46}},"10":{"start":{"line":32,"column":0},"end":{"line":32,"column":25}}},"fnMap":{"0":{"name":"(anonymous_6)","decl":{"start":{"line":11,"column":49},"end":{"line":12,"column":4}},"loc":{"start":{"line":14,"column":6},"end":{"line":18,"column":3}}},"1":{"name":"(anonymous_7)","decl":{"start":{"line":14,"column":6},"end":{"line":null,"column":-1}},"loc":{"start":{"line":14,"column":6},"end":{"line":18,"column":3}}},"2":{"name":"(anonymous_8)","decl":{"start":{"line":22,"column":15},"end":{"line":22,"column":22}},"loc":{"start":{"line":22,"column":43},"end":{"line":24,"column":7}}},"3":{"name":"(anonymous_9)","decl":{"start":{"line":22,"column":43},"end":{"line":null,"column":-1}},"loc":{"start":{"line":22,"column":43},"end":{"line":24,"column":7}}}},"branchMap":{"0":{"loc":{"start":{"line":23,"column":8},"end":{"line":23,"column":46}},"type":"if","locations":[{"start":{"line":23,"column":8},"end":{"line":23,"column":46}},{"start":{"line":23,"column":8},"end":{"line":23,"column":46}}]}},"s":{"0":1,"1":1,"2":1,"3":0,"4":0,"5":0,"6":1,"7":0,"8":0,"9":0,"10":1},"f":{"0":0,"1":0,"2":0,"3":0},"b":{"0":[0,0]}}
,"/Users/rodrigoariza/Consensys/Frontier/trlApi/src/services/resolvers/ownedRegistryContract.ts": {"path":"/Users/rodrigoariza/Consensys/Frontier/trlApi/src/services/resolvers/ownedRegistryContract.ts","statementMap":{"0":{"start":{"line":2,"column":0},"end":{"line":2,"column":27}},"1":{"start":{"line":4,"column":16},"end":{"line":12,"column":1}},"2":{"start":{"line":4,"column":72},"end":{"line":12,"column":1}},"3":{"start":{"line":5,"column":23},"end":{"line":5,"column":62}},"4":{"start":{"line":6,"column":17},"end":{"line":6,"column":48}},"5":{"start":{"line":7,"column":19},"end":{"line":10,"column":3}},"6":{"start":{"line":11,"column":2},"end":{"line":11,"column":35}},"7":{"start":{"line":14,"column":20},"end":{"line":99,"column":1}},"8":{"start":{"line":14,"column":56},"end":{"line":99,"column":1}},"9":{"start":{"line":15,"column":32},"end":{"line":97,"column":3}},"10":{"start":{"line":17,"column":35},"end":{"line":20,"column":7}},"11":{"start":{"line":18,"column":23},"end":{"line":18,"column":75}},"12":{"start":{"line":19,"column":8},"end":{"line":19,"column":22}},"13":{"start":{"line":21,"column":37},"end":{"line":24,"column":7}},"14":{"start":{"line":22,"column":23},"end":{"line":22,"column":77}},"15":{"start":{"line":23,"column":8},"end":{"line":23,"column":22}},"16":{"start":{"line":25,"column":39},"end":{"line":28,"column":7}},"17":{"start":{"line":26,"column":23},"end":{"line":26,"column":79}},"18":{"start":{"line":27,"column":8},"end":{"line":27,"column":22}},"19":{"start":{"line":29,"column":36},"end":{"line":32,"column":7}},"20":{"start":{"line":30,"column":23},"end":{"line":30,"column":76}},"21":{"start":{"line":31,"column":8},"end":{"line":31,"column":22}},"22":{"start":{"line":33,"column":35},"end":{"line":36,"column":7}},"23":{"start":{"line":34,"column":23},"end":{"line":34,"column":75}},"24":{"start":{"line":35,"column":8},"end":{"line":35,"column":22}},"25":{"start":{"line":37,"column":43},"end":{"line":44,"column":7}},"26":{"start":{"line":38,"column":23},"end":{"line":42,"column":9}},"27":{"start":{"line":43,"column":8},"end":{"line":43,"column":22}},"28":{"start":{"line":45,"column":44},"end":{"line":52,"column":7}},"29":{"start":{"line":46,"column":23},"end":{"line":50,"column":9}},"30":{"start":{"line":51,"column":8},"end":{"line":51,"column":22}},"31":{"start":{"line":53,"column":30},"end":{"line":56,"column":7}},"32":{"start":{"line":54,"column":23},"end":{"line":54,"column":70}},"33":{"start":{"line":55,"column":8},"end":{"line":55,"column":22}},"34":{"start":{"line":57,"column":33},"end":{"line":60,"column":7}},"35":{"start":{"line":58,"column":23},"end":{"line":58,"column":73}},"36":{"start":{"line":59,"column":8},"end":{"line":59,"column":22}},"37":{"start":{"line":61,"column":37},"end":{"line":64,"column":7}},"38":{"start":{"line":62,"column":23},"end":{"line":62,"column":77}},"39":{"start":{"line":63,"column":8},"end":{"line":63,"column":22}},"40":{"start":{"line":83,"column":8},"end":{"line":94,"column":10}},"41":{"start":{"line":98,"column":2},"end":{"line":98,"column":19}},"42":{"start":{"line":101,"column":0},"end":{"line":101,"column":27}}},"fnMap":{"0":{"name":"(anonymous_6)","decl":{"start":{"line":4,"column":16},"end":{"line":4,"column":23}},"loc":{"start":{"line":4,"column":72},"end":{"line":12,"column":1}}},"1":{"name":"(anonymous_7)","decl":{"start":{"line":4,"column":72},"end":{"line":null,"column":-1}},"loc":{"start":{"line":4,"column":72},"end":{"line":12,"column":1}}},"2":{"name":"(anonymous_8)","decl":{"start":{"line":14,"column":20},"end":{"line":14,"column":27}},"loc":{"start":{"line":14,"column":56},"end":{"line":99,"column":1}}},"3":{"name":"(anonymous_9)","decl":{"start":{"line":14,"column":56},"end":{"line":null,"column":-1}},"loc":{"start":{"line":14,"column":56},"end":{"line":99,"column":1}}},"4":{"name":"(anonymous_10)","decl":{"start":{"line":17,"column":15},"end":{"line":17,"column":22}},"loc":{"start":{"line":17,"column":35},"end":{"line":20,"column":7}}},"5":{"name":"(anonymous_11)","decl":{"start":{"line":17,"column":35},"end":{"line":null,"column":-1}},"loc":{"start":{"line":17,"column":35},"end":{"line":20,"column":7}}},"6":{"name":"(anonymous_12)","decl":{"start":{"line":21,"column":17},"end":{"line":21,"column":24}},"loc":{"start":{"line":21,"column":37},"end":{"line":24,"column":7}}},"7":{"name":"(anonymous_13)","decl":{"start":{"line":21,"column":37},"end":{"line":null,"column":-1}},"loc":{"start":{"line":21,"column":37},"end":{"line":24,"column":7}}},"8":{"name":"(anonymous_14)","decl":{"start":{"line":25,"column":19},"end":{"line":25,"column":26}},"loc":{"start":{"line":25,"column":39},"end":{"line":28,"column":7}}},"9":{"name":"(anonymous_15)","decl":{"start":{"line":25,"column":39},"end":{"line":null,"column":-1}},"loc":{"start":{"line":25,"column":39},"end":{"line":28,"column":7}}},"10":{"name":"(anonymous_16)","decl":{"start":{"line":29,"column":16},"end":{"line":29,"column":23}},"loc":{"start":{"line":29,"column":36},"end":{"line":32,"column":7}}},"11":{"name":"(anonymous_17)","decl":{"start":{"line":29,"column":36},"end":{"line":null,"column":-1}},"loc":{"start":{"line":29,"column":36},"end":{"line":32,"column":7}}},"12":{"name":"(anonymous_18)","decl":{"start":{"line":33,"column":15},"end":{"line":33,"column":22}},"loc":{"start":{"line":33,"column":35},"end":{"line":36,"column":7}}},"13":{"name":"(anonymous_19)","decl":{"start":{"line":33,"column":35},"end":{"line":null,"column":-1}},"loc":{"start":{"line":33,"column":35},"end":{"line":36,"column":7}}},"14":{"name":"(anonymous_20)","decl":{"start":{"line":37,"column":23},"end":{"line":37,"column":30}},"loc":{"start":{"line":37,"column":43},"end":{"line":44,"column":7}}},"15":{"name":"(anonymous_21)","decl":{"start":{"line":37,"column":43},"end":{"line":null,"column":-1}},"loc":{"start":{"line":37,"column":43},"end":{"line":44,"column":7}}},"16":{"name":"(anonymous_22)","decl":{"start":{"line":45,"column":24},"end":{"line":45,"column":31}},"loc":{"start":{"line":45,"column":44},"end":{"line":52,"column":7}}},"17":{"name":"(anonymous_23)","decl":{"start":{"line":45,"column":44},"end":{"line":null,"column":-1}},"loc":{"start":{"line":45,"column":44},"end":{"line":52,"column":7}}},"18":{"name":"(anonymous_24)","decl":{"start":{"line":53,"column":10},"end":{"line":53,"column":17}},"loc":{"start":{"line":53,"column":30},"end":{"line":56,"column":7}}},"19":{"name":"(anonymous_25)","decl":{"start":{"line":53,"column":30},"end":{"line":null,"column":-1}},"loc":{"start":{"line":53,"column":30},"end":{"line":56,"column":7}}},"20":{"name":"(anonymous_26)","decl":{"start":{"line":57,"column":13},"end":{"line":57,"column":20}},"loc":{"start":{"line":57,"column":33},"end":{"line":60,"column":7}}},"21":{"name":"(anonymous_27)","decl":{"start":{"line":57,"column":33},"end":{"line":null,"column":-1}},"loc":{"start":{"line":57,"column":33},"end":{"line":60,"column":7}}},"22":{"name":"(anonymous_28)","decl":{"start":{"line":61,"column":17},"end":{"line":61,"column":24}},"loc":{"start":{"line":61,"column":37},"end":{"line":64,"column":7}}},"23":{"name":"(anonymous_29)","decl":{"start":{"line":61,"column":37},"end":{"line":null,"column":-1}},"loc":{"start":{"line":61,"column":37},"end":{"line":64,"column":7}}},"24":{"name":"(anonymous_30)","decl":{"start":{"line":68,"column":6},"end":{"line":68,"column":10}},"loc":{"start":{"line":81,"column":9},"end":{"line":95,"column":7}}}},"branchMap":{},"s":{"0":1,"1":1,"2":0,"3":0,"4":0,"5":0,"6":0,"7":1,"8":1,"9":1,"10":0,"11":0,"12":0,"13":0,"14":0,"15":0,"16":0,"17":0,"18":0,"19":0,"20":0,"21":0,"22":0,"23":0,"24":0,"25":0,"26":0,"27":0,"28":0,"29":0,"30":0,"31":0,"32":0,"33":0,"34":0,"35":0,"36":0,"37":0,"38":0,"39":0,"40":0,"41":1,"42":1},"f":{"0":0,"1":0,"2":1,"3":1,"4":0,"5":0,"6":0,"7":0,"8":0,"9":0,"10":0,"11":0,"12":0,"13":0,"14":0,"15":0,"16":0,"17":0,"18":0,"19":0,"20":0,"21":0,"22":0,"23":0,"24":0},"b":{}}
,"/Users/rodrigoariza/Consensys/Frontier/trlApi/src/services/resolvers/voters.ts": {"path":"/Users/rodrigoariza/Consensys/Frontier/trlApi/src/services/resolvers/voters.ts","statementMap":{"0":{"start":{"line":3,"column":10},"end":{"line":3,"column":27}},"1":{"start":{"line":4,"column":0},"end":{"line":4,"column":34}},"2":{"start":{"line":6,"column":16},"end":{"line":18,"column":1}},"3":{"start":{"line":6,"column":72},"end":{"line":18,"column":1}},"4":{"start":{"line":7,"column":23},"end":{"line":7,"column":62}},"5":{"start":{"line":8,"column":17},"end":{"line":8,"column":48}},"6":{"start":{"line":9,"column":17},"end":{"line":12,"column":3}},"7":{"start":{"line":14,"column":2},"end":{"line":16,"column":3}},"8":{"start":{"line":15,"column":4},"end":{"line":15,"column":71}},"9":{"start":{"line":17,"column":2},"end":{"line":17,"column":48}},"10":{"start":{"line":30,"column":20},"end":{"line":135,"column":1}},"11":{"start":{"line":30,"column":52},"end":{"line":135,"column":1}},"12":{"start":{"line":31,"column":43},"end":{"line":81,"column":3}},"13":{"start":{"line":31,"column":75},"end":{"line":81,"column":3}},"14":{"start":{"line":32,"column":25},"end":{"line":32,"column":64}},"15":{"start":{"line":34,"column":21},"end":{"line":78,"column":16}},"16":{"start":{"line":80,"column":4},"end":{"line":80,"column":62}},"17":{"start":{"line":80,"column":38},"end":{"line":80,"column":60}},"18":{"start":{"line":83,"column":32},"end":{"line":133,"column":3}},"19":{"start":{"line":85,"column":41},"end":{"line":88,"column":7}},"20":{"start":{"line":86,"column":8},"end":{"line":86,"column":58}},"21":{"start":{"line":86,"column":32},"end":{"line":86,"column":58}},"22":{"start":{"line":87,"column":8},"end":{"line":87,"column":70}},"23":{"start":{"line":89,"column":44},"end":{"line":97,"column":7}},"24":{"start":{"line":90,"column":8},"end":{"line":90,"column":64}},"25":{"start":{"line":90,"column":35},"end":{"line":90,"column":64}},"26":{"start":{"line":91,"column":8},"end":{"line":96,"column":10}},"27":{"start":{"line":98,"column":39},"end":{"line":101,"column":7}},"28":{"start":{"line":99,"column":8},"end":{"line":99,"column":67}},"29":{"start":{"line":99,"column":43},"end":{"line":99,"column":67}},"30":{"start":{"line":100,"column":8},"end":{"line":100,"column":62}},"31":{"start":{"line":102,"column":41},"end":{"line":109,"column":7}},"32":{"start":{"line":103,"column":8},"end":{"line":103,"column":58}},"33":{"start":{"line":103,"column":32},"end":{"line":103,"column":58}},"34":{"start":{"line":104,"column":32},"end":{"line":107,"column":9}},"35":{"start":{"line":108,"column":8},"end":{"line":108,"column":50}},"36":{"start":{"line":123,"column":8},"end":{"line":129,"column":10}},"37":{"start":{"line":134,"column":2},"end":{"line":134,"column":19}},"38":{"start":{"line":137,"column":0},"end":{"line":137,"column":27}}},"fnMap":{"0":{"name":"(anonymous_6)","decl":{"start":{"line":6,"column":16},"end":{"line":6,"column":23}},"loc":{"start":{"line":6,"column":72},"end":{"line":18,"column":1}}},"1":{"name":"(anonymous_7)","decl":{"start":{"line":6,"column":72},"end":{"line":null,"column":-1}},"loc":{"start":{"line":6,"column":72},"end":{"line":18,"column":1}}},"2":{"name":"(anonymous_8)","decl":{"start":{"line":30,"column":20},"end":{"line":30,"column":27}},"loc":{"start":{"line":30,"column":52},"end":{"line":135,"column":1}}},"3":{"name":"(anonymous_9)","decl":{"start":{"line":30,"column":52},"end":{"line":null,"column":-1}},"loc":{"start":{"line":30,"column":52},"end":{"line":135,"column":1}}},"4":{"name":"(anonymous_10)","decl":{"start":{"line":31,"column":43},"end":{"line":31,"column":50}},"loc":{"start":{"line":31,"column":75},"end":{"line":81,"column":3}}},"5":{"name":"(anonymous_11)","decl":{"start":{"line":31,"column":75},"end":{"line":null,"column":-1}},"loc":{"start":{"line":31,"column":75},"end":{"line":81,"column":3}}},"6":{"name":"(anonymous_12)","decl":{"start":{"line":80,"column":24},"end":{"line":80,"column":25}},"loc":{"start":{"line":80,"column":38},"end":{"line":80,"column":60}}},"7":{"name":"(anonymous_13)","decl":{"start":{"line":85,"column":21},"end":{"line":85,"column":28}},"loc":{"start":{"line":85,"column":41},"end":{"line":88,"column":7}}},"8":{"name":"(anonymous_14)","decl":{"start":{"line":85,"column":41},"end":{"line":null,"column":-1}},"loc":{"start":{"line":85,"column":41},"end":{"line":88,"column":7}}},"9":{"name":"(anonymous_15)","decl":{"start":{"line":89,"column":24},"end":{"line":89,"column":31}},"loc":{"start":{"line":89,"column":44},"end":{"line":97,"column":7}}},"10":{"name":"(anonymous_16)","decl":{"start":{"line":89,"column":44},"end":{"line":null,"column":-1}},"loc":{"start":{"line":89,"column":44},"end":{"line":97,"column":7}}},"11":{"name":"(anonymous_17)","decl":{"start":{"line":98,"column":19},"end":{"line":98,"column":26}},"loc":{"start":{"line":98,"column":39},"end":{"line":101,"column":7}}},"12":{"name":"(anonymous_18)","decl":{"start":{"line":98,"column":39},"end":{"line":null,"column":-1}},"loc":{"start":{"line":98,"column":39},"end":{"line":101,"column":7}}},"13":{"name":"(anonymous_19)","decl":{"start":{"line":102,"column":21},"end":{"line":102,"column":28}},"loc":{"start":{"line":102,"column":41},"end":{"line":109,"column":7}}},"14":{"name":"(anonymous_20)","decl":{"start":{"line":102,"column":41},"end":{"line":null,"column":-1}},"loc":{"start":{"line":102,"column":41},"end":{"line":109,"column":7}}},"15":{"name":"(anonymous_21)","decl":{"start":{"line":113,"column":6},"end":{"line":113,"column":10}},"loc":{"start":{"line":121,"column":9},"end":{"line":130,"column":7}}}},"branchMap":{"0":{"loc":{"start":{"line":14,"column":2},"end":{"line":16,"column":3}},"type":"if","locations":[{"start":{"line":14,"column":2},"end":{"line":16,"column":3}},{"start":{"line":14,"column":2},"end":{"line":16,"column":3}}]},"1":{"loc":{"start":{"line":36,"column":45},"end":{"line":36,"column":117}},"type":"cond-expr","locations":[{"start":{"line":36,"column":45},"end":{"line":36,"column":117}},{"start":{"line":36,"column":120},"end":{"line":36,"column":122}}]},"2":{"loc":{"start":{"line":86,"column":8},"end":{"line":86,"column":58}},"type":"if","locations":[{"start":{"line":86,"column":8},"end":{"line":86,"column":58}},{"start":{"line":86,"column":8},"end":{"line":86,"column":58}}]},"3":{"loc":{"start":{"line":90,"column":8},"end":{"line":90,"column":64}},"type":"if","locations":[{"start":{"line":90,"column":8},"end":{"line":90,"column":64}},{"start":{"line":90,"column":8},"end":{"line":90,"column":64}}]},"4":{"loc":{"start":{"line":99,"column":8},"end":{"line":99,"column":67}},"type":"if","locations":[{"start":{"line":99,"column":8},"end":{"line":99,"column":67}},{"start":{"line":99,"column":8},"end":{"line":99,"column":67}}]},"5":{"loc":{"start":{"line":103,"column":8},"end":{"line":103,"column":58}},"type":"if","locations":[{"start":{"line":103,"column":8},"end":{"line":103,"column":58}},{"start":{"line":103,"column":8},"end":{"line":103,"column":58}}]}},"s":{"0":1,"1":1,"2":1,"3":0,"4":0,"5":0,"6":0,"7":0,"8":0,"9":0,"10":1,"11":1,"12":1,"13":1,"14":1,"15":1,"16":1,"17":1,"18":1,"19":1,"20":1,"21":1,"22":0,"23":0,"24":0,"25":0,"26":0,"27":1,"28":1,"29":1,"30":0,"31":1,"32":1,"33":0,"34":1,"35":1,"36":0,"37":1,"38":1},"f":{"0":0,"1":0,"2":1,"3":1,"4":1,"5":1,"6":1,"7":1,"8":1,"9":0,"10":0,"11":1,"12":1,"13":1,"14":1,"15":0},"b":{"0":[0,0],"1":[1,0],"2":[1,0],"3":[0,0],"4":[1,0],"5":[0,1]}}
,"/Users/rodrigoariza/Consensys/Frontier/trlApi/src/services/resolvers/votes.ts": {"path":"/Users/rodrigoariza/Consensys/Frontier/trlApi/src/services/resolvers/votes.ts","statementMap":{"0":{"start":{"line":3,"column":10},"end":{"line":3,"column":27}},"1":{"start":{"line":5,"column":16},"end":{"line":14,"column":1}},"2":{"start":{"line":5,"column":72},"end":{"line":14,"column":1}},"3":{"start":{"line":6,"column":23},"end":{"line":6,"column":62}},"4":{"start":{"line":7,"column":17},"end":{"line":7,"column":48}},"5":{"start":{"line":8,"column":19},"end":{"line":11,"column":3}},"6":{"start":{"line":13,"column":2},"end":{"line":13,"column":48}},"7":{"start":{"line":29,"column":20},"end":{"line":124,"column":1}},"8":{"start":{"line":29,"column":51},"end":{"line":124,"column":1}},"9":{"start":{"line":30,"column":42},"end":{"line":48,"column":3}},"10":{"start":{"line":30,"column":74},"end":{"line":48,"column":3}},"11":{"start":{"line":31,"column":25},"end":{"line":31,"column":64}},"12":{"start":{"line":32,"column":19},"end":{"line":32,"column":47}},"13":{"start":{"line":34,"column":18},"end":{"line":34,"column":20}},"14":{"start":{"line":35,"column":4},"end":{"line":37,"column":7}},"15":{"start":{"line":36,"column":6},"end":{"line":36,"column":65}},"16":{"start":{"line":39,"column":21},"end":{"line":44,"column":15}},"17":{"start":{"line":47,"column":4},"end":{"line":47,"column":62}},"18":{"start":{"line":47,"column":38},"end":{"line":47,"column":60}},"19":{"start":{"line":50,"column":55},"end":{"line":79,"column":3}},"20":{"start":{"line":53,"column":6},"end":{"line":79,"column":3}},"21":{"start":{"line":54,"column":25},"end":{"line":54,"column":64}},"22":{"start":{"line":55,"column":19},"end":{"line":55,"column":50}},"23":{"start":{"line":57,"column":21},"end":{"line":74,"column":6}},"24":{"start":{"line":76,"column":18},"end":{"line":76,"column":42}},"25":{"start":{"line":78,"column":4},"end":{"line":78,"column":59}},"26":{"start":{"line":78,"column":35},"end":{"line":78,"column":57}},"27":{"start":{"line":81,"column":32},"end":{"line":122,"column":3}},"28":{"start":{"line":83,"column":45},"end":{"line":86,"column":7}},"29":{"start":{"line":84,"column":8},"end":{"line":84,"column":66}},"30":{"start":{"line":84,"column":36},"end":{"line":84,"column":66}},"31":{"start":{"line":85,"column":8},"end":{"line":85,"column":67}},"32":{"start":{"line":87,"column":41},"end":{"line":90,"column":7}},"33":{"start":{"line":88,"column":8},"end":{"line":88,"column":58}},"34":{"start":{"line":88,"column":32},"end":{"line":88,"column":58}},"35":{"start":{"line":89,"column":8},"end":{"line":89,"column":63}},"36":{"start":{"line":91,"column":35},"end":{"line":94,"column":7}},"37":{"start":{"line":92,"column":8},"end":{"line":92,"column":46}},"38":{"start":{"line":92,"column":26},"end":{"line":92,"column":46}},"39":{"start":{"line":93,"column":8},"end":{"line":93,"column":57}},"40":{"start":{"line":95,"column":40},"end":{"line":98,"column":7}},"41":{"start":{"line":96,"column":8},"end":{"line":96,"column":56}},"42":{"start":{"line":96,"column":31},"end":{"line":96,"column":56}},"43":{"start":{"line":97,"column":8},"end":{"line":97,"column":62}},"44":{"start":{"line":102,"column":40},"end":{"line":104,"column":7}},"45":{"start":{"line":103,"column":8},"end":{"line":103,"column":62}},"46":{"start":{"line":103,"column":34},"end":{"line":103,"column":62}},"47":{"start":{"line":105,"column":35},"end":{"line":107,"column":7}},"48":{"start":{"line":106,"column":8},"end":{"line":106,"column":52}},"49":{"start":{"line":106,"column":29},"end":{"line":106,"column":52}},"50":{"start":{"line":112,"column":8},"end":{"line":117,"column":10}},"51":{"start":{"line":123,"column":2},"end":{"line":123,"column":19}},"52":{"start":{"line":126,"column":0},"end":{"line":126,"column":27}}},"fnMap":{"0":{"name":"(anonymous_6)","decl":{"start":{"line":5,"column":16},"end":{"line":5,"column":23}},"loc":{"start":{"line":5,"column":72},"end":{"line":14,"column":1}}},"1":{"name":"(anonymous_7)","decl":{"start":{"line":5,"column":72},"end":{"line":null,"column":-1}},"loc":{"start":{"line":5,"column":72},"end":{"line":14,"column":1}}},"2":{"name":"(anonymous_8)","decl":{"start":{"line":29,"column":20},"end":{"line":29,"column":27}},"loc":{"start":{"line":29,"column":51},"end":{"line":124,"column":1}}},"3":{"name":"(anonymous_9)","decl":{"start":{"line":29,"column":51},"end":{"line":null,"column":-1}},"loc":{"start":{"line":29,"column":51},"end":{"line":124,"column":1}}},"4":{"name":"(anonymous_10)","decl":{"start":{"line":30,"column":42},"end":{"line":30,"column":49}},"loc":{"start":{"line":30,"column":74},"end":{"line":48,"column":3}}},"5":{"name":"(anonymous_11)","decl":{"start":{"line":30,"column":74},"end":{"line":null,"column":-1}},"loc":{"start":{"line":30,"column":74},"end":{"line":48,"column":3}}},"6":{"name":"(anonymous_12)","decl":{"start":{"line":35,"column":19},"end":{"line":35,"column":20}},"loc":{"start":{"line":35,"column":33},"end":{"line":37,"column":5}}},"7":{"name":"(anonymous_13)","decl":{"start":{"line":47,"column":24},"end":{"line":47,"column":25}},"loc":{"start":{"line":47,"column":38},"end":{"line":47,"column":60}}},"8":{"name":"(anonymous_14)","decl":{"start":{"line":50,"column":55},"end":{"line":51,"column":4}},"loc":{"start":{"line":53,"column":6},"end":{"line":79,"column":3}}},"9":{"name":"(anonymous_15)","decl":{"start":{"line":53,"column":6},"end":{"line":null,"column":-1}},"loc":{"start":{"line":53,"column":6},"end":{"line":79,"column":3}}},"10":{"name":"(anonymous_16)","decl":{"start":{"line":78,"column":21},"end":{"line":78,"column":22}},"loc":{"start":{"line":78,"column":35},"end":{"line":78,"column":57}}},"11":{"name":"(anonymous_17)","decl":{"start":{"line":83,"column":25},"end":{"line":83,"column":32}},"loc":{"start":{"line":83,"column":45},"end":{"line":86,"column":7}}},"12":{"name":"(anonymous_18)","decl":{"start":{"line":83,"column":45},"end":{"line":null,"column":-1}},"loc":{"start":{"line":83,"column":45},"end":{"line":86,"column":7}}},"13":{"name":"(anonymous_19)","decl":{"start":{"line":87,"column":21},"end":{"line":87,"column":28}},"loc":{"start":{"line":87,"column":41},"end":{"line":90,"column":7}}},"14":{"name":"(anonymous_20)","decl":{"start":{"line":87,"column":41},"end":{"line":null,"column":-1}},"loc":{"start":{"line":87,"column":41},"end":{"line":90,"column":7}}},"15":{"name":"(anonymous_21)","decl":{"start":{"line":91,"column":15},"end":{"line":91,"column":22}},"loc":{"start":{"line":91,"column":35},"end":{"line":94,"column":7}}},"16":{"name":"(anonymous_22)","decl":{"start":{"line":91,"column":35},"end":{"line":null,"column":-1}},"loc":{"start":{"line":91,"column":35},"end":{"line":94,"column":7}}},"17":{"name":"(anonymous_23)","decl":{"start":{"line":95,"column":20},"end":{"line":95,"column":27}},"loc":{"start":{"line":95,"column":40},"end":{"line":98,"column":7}}},"18":{"name":"(anonymous_24)","decl":{"start":{"line":95,"column":40},"end":{"line":null,"column":-1}},"loc":{"start":{"line":95,"column":40},"end":{"line":98,"column":7}}},"19":{"name":"(anonymous_25)","decl":{"start":{"line":102,"column":20},"end":{"line":102,"column":27}},"loc":{"start":{"line":102,"column":40},"end":{"line":104,"column":7}}},"20":{"name":"(anonymous_26)","decl":{"start":{"line":102,"column":40},"end":{"line":null,"column":-1}},"loc":{"start":{"line":102,"column":40},"end":{"line":104,"column":7}}},"21":{"name":"(anonymous_27)","decl":{"start":{"line":105,"column":15},"end":{"line":105,"column":22}},"loc":{"start":{"line":105,"column":35},"end":{"line":107,"column":7}}},"22":{"name":"(anonymous_28)","decl":{"start":{"line":105,"column":35},"end":{"line":null,"column":-1}},"loc":{"start":{"line":105,"column":35},"end":{"line":107,"column":7}}},"23":{"name":"(anonymous_29)","decl":{"start":{"line":111,"column":6},"end":{"line":111,"column":9}},"loc":{"start":{"line":111,"column":76},"end":{"line":118,"column":7}}}},"branchMap":{"0":{"loc":{"start":{"line":84,"column":8},"end":{"line":84,"column":66}},"type":"if","locations":[{"start":{"line":84,"column":8},"end":{"line":84,"column":66}},{"start":{"line":84,"column":8},"end":{"line":84,"column":66}}]},"1":{"loc":{"start":{"line":88,"column":8},"end":{"line":88,"column":58}},"type":"if","locations":[{"start":{"line":88,"column":8},"end":{"line":88,"column":58}},{"start":{"line":88,"column":8},"end":{"line":88,"column":58}}]},"2":{"loc":{"start":{"line":92,"column":8},"end":{"line":92,"column":46}},"type":"if","locations":[{"start":{"line":92,"column":8},"end":{"line":92,"column":46}},{"start":{"line":92,"column":8},"end":{"line":92,"column":46}}]},"3":{"loc":{"start":{"line":96,"column":8},"end":{"line":96,"column":56}},"type":"if","locations":[{"start":{"line":96,"column":8},"end":{"line":96,"column":56}},{"start":{"line":96,"column":8},"end":{"line":96,"column":56}}]},"4":{"loc":{"start":{"line":103,"column":8},"end":{"line":103,"column":62}},"type":"if","locations":[{"start":{"line":103,"column":8},"end":{"line":103,"column":62}},{"start":{"line":103,"column":8},"end":{"line":103,"column":62}}]},"5":{"loc":{"start":{"line":106,"column":8},"end":{"line":106,"column":52}},"type":"if","locations":[{"start":{"line":106,"column":8},"end":{"line":106,"column":52}},{"start":{"line":106,"column":8},"end":{"line":106,"column":52}}]}},"s":{"0":1,"1":1,"2":2,"3":2,"4":2,"5":2,"6":2,"7":1,"8":1,"9":1,"10":1,"11":1,"12":1,"13":1,"14":1,"15":1,"16":1,"17":1,"18":2,"19":1,"20":0,"21":0,"22":0,"23":0,"24":0,"25":0,"26":0,"27":1,"28":2,"29":2,"30":2,"31":0,"32":2,"33":2,"34":2,"35":0,"36":2,"37":2,"38":2,"39":0,"40":2,"41":2,"42":0,"43":2,"44":0,"45":0,"46":0,"47":0,"48":0,"49":0,"50":0,"51":1,"52":1},"f":{"0":2,"1":2,"2":1,"3":1,"4":1,"5":1,"6":1,"7":2,"8":0,"9":0,"10":0,"11":2,"12":2,"13":2,"14":2,"15":2,"16":2,"17":2,"18":2,"19":0,"20":0,"21":0,"22":0,"23":0},"b":{"0":[2,0],"1":[2,0],"2":[2,0],"3":[0,2],"4":[0,0],"5":[0,0]}}
,"/Users/rodrigoariza/Consensys/Frontier/trlApi/src/services/schemas/typesDefs.ts": {"path":"/Users/rodrigoariza/Consensys/Frontier/trlApi/src/services/schemas/typesDefs.ts","statementMap":{"0":{"start":{"line":1,"column":0},"end":{"line":133,"column":2}}},"fnMap":{},"branchMap":{},"s":{"0":1},"f":{},"b":{}}
}
